<?xml version="1.0" encoding="UTF-8"?>
<!-- Generated by org.testng.reporters.JUnitReportReporter -->
<testsuite hostname="DESKTOP-BUON8F4" failures="0" tests="1" name="testCases.RegistrationTest" time="9.257" errors="0" timestamp="2025-02-28T18:27:08 IST" skipped="0">
  <testcase classname="testCases.RegistrationTest" name="verify_registration" time="9.257"/>
</testsuite> <!-- testCases.RegistrationTest -->
